<?xml version="1.0" encoding="UTF-8"?>
<!-- Generated by org.testng.reporters.JUnitXMLReporter -->
<testsuite hostname="IN-BLR-L007" ignored="0" name="Test" tests="1" failures="1" timestamp="09 Jul 2020 08:29:27 GMT" time="92.73" errors="0">
  <testcase name="test" time="6.724" classname="com.framework.testcases.Testcasewithframework">
    <failure type="org.openqa.selenium.TimeoutException" message="Supplied function might have stalled
Build info: version: &amp;apos;4.0.0-alpha-5&amp;apos;, revision: &amp;apos;b3a0d621cc&amp;apos;
System info: host: &amp;apos;IN-BLR-L007&amp;apos;, ip: &amp;apos;10.33.20.28&amp;apos;, os.name: &amp;apos;Windows 10&amp;apos;, os.arch: &amp;apos;amd64&amp;apos;, os.version: &amp;apos;10.0&amp;apos;, java.version: &amp;apos;1.8.0_221&amp;apos;
Driver info: driver.version: unknown">
      <![CDATA[org.openqa.selenium.TimeoutException: Supplied function might have stalled
Build info: version: '4.0.0-alpha-5', revision: 'b3a0d621cc'
System info: host: 'IN-BLR-L007', ip: '10.33.20.28', os.name: 'Windows 10', os.arch: 'amd64', os.version: '10.0', java.version: '1.8.0_221'
Driver info: driver.version: unknown
at org.openqa.selenium.support.ui.FluentWait.until(FluentWait.java:221)
at com.framework.utilities.Helper.getElementByProperty(Helper.java:68)
at com.framework.pages.LoginPage.login_page(LoginPage.java:26)
at com.framework.testcases.Testcasewithframework.test(Testcasewithframework.java:21)
Caused by: java.util.concurrent.TimeoutException
at java.util.concurrent.CompletableFuture.timedGet(Unknown Source)
at java.util.concurrent.CompletableFuture.get(Unknown Source)
at org.openqa.selenium.support.ui.FluentWait.until(FluentWait.java:209)
... 28 more
... Removed 25 stack frames]]>
    </failure>
  </testcase> <!-- test -->
</testsuite> <!-- Test -->
