<?xml version="1.0" encoding="UTF-8"?>
<testng-results skipped="0" failed="0" ignored="0" total="1" passed="1">
  <reporter-output>
    <line>
      <![CDATA[Setup will do]]>
    </line>
    <line>
      <![CDATA[Setup done and test cases are executing]]>
    </line>
    <line>
      <![CDATA[Browser launching]]>
    </line>
    <line>
      <![CDATA[Browser lauched]]>
    </line>
    <line>
      <![CDATA[Test in After method]]>
    </line>
    <line>
      <![CDATA[Test completed and Reports generated]]>
    </line>
    <line>
      <![CDATA[Quiting]]>
    </line>
    <line>
      <![CDATA[Quiting done]]>
    </line>
  </reporter-output>
  <suite name="Suite" duration-ms="40660" started-at="2019-08-05T11:44:04Z" finished-at="2019-08-05T11:44:45Z">
    <groups>
    </groups>
    <test name="Test" duration-ms="40660" started-at="2019-08-05T11:44:04Z" finished-at="2019-08-05T11:44:45Z">
      <class name="com.framework.testcases.Testcasewithframework">
        <test-method status="PASS" signature="setupsuite()[pri:0, instance:com.framework.testcases.Testcasewithframework@4dfa3a9d]" name="setupsuite" is-config="true" duration-ms="601" started-at="2019-08-05T11:44:03Z" finished-at="2019-08-05T11:44:04Z">
          <reporter-output>
            <line>
              <![CDATA[Setup will do]]>
            </line>
            <line>
              <![CDATA[Setup done and test cases are executing]]>
            </line>
          </reporter-output>
        </test-method> <!-- setupsuite -->
        <test-method status="PASS" signature="setup(java.lang.String, java.lang.String)[pri:0, instance:com.framework.testcases.Testcasewithframework@4dfa3a9d]" name="setup" is-config="true" duration-ms="14953" started-at="2019-08-05T11:44:04Z" finished-at="2019-08-05T11:44:19Z">
          <params>
            <param index="0">
              <value>
                <![CDATA[Chrome]]>
              </value>
            </param>
            <param index="1">
              <value>
                <![CDATA[https://www.facebook.com/]]>
              </value>
            </param>
          </params>
          <reporter-output>
            <line>
              <![CDATA[Browser launching]]>
            </line>
            <line>
              <![CDATA[Browser lauched]]>
            </line>
          </reporter-output>
        </test-method> <!-- setup -->
        <test-method status="PASS" signature="test()[pri:0, instance:com.framework.testcases.Testcasewithframework@4dfa3a9d]" name="test" duration-ms="23779" started-at="2019-08-05T11:44:19Z" finished-at="2019-08-05T11:44:43Z">
          <reporter-output>
          </reporter-output>
        </test-method> <!-- test -->
        <test-method status="PASS" signature="teardownMessage(org.testng.ITestResult)[pri:0, instance:com.framework.testcases.Testcasewithframework@4dfa3a9d]" name="teardownMessage" is-config="true" duration-ms="858" started-at="2019-08-05T11:44:43Z" finished-at="2019-08-05T11:44:44Z">
          <params>
            <param index="0">
              <value>
                <![CDATA[[TestResult name=test status=SUCCESS method=Testcasewithframework.test()[pri:0, instance:com.framework.testcases.Testcasewithframework@4dfa3a9d] output={null}]]]>
              </value>
            </param>
          </params>
          <reporter-output>
            <line>
              <![CDATA[Test in After method]]>
            </line>
            <line>
              <![CDATA[Test completed and Reports generated]]>
            </line>
          </reporter-output>
        </test-method> <!-- teardownMessage -->
        <test-method status="PASS" signature="teardown()[pri:0, instance:com.framework.testcases.Testcasewithframework@4dfa3a9d]" name="teardown" is-config="true" duration-ms="1054" started-at="2019-08-05T11:44:44Z" finished-at="2019-08-05T11:44:45Z">
          <reporter-output>
            <line>
              <![CDATA[Quiting]]>
            </line>
            <line>
              <![CDATA[Quiting done]]>
            </line>
          </reporter-output>
        </test-method> <!-- teardown -->
      </class> <!-- com.framework.testcases.Testcasewithframework -->
    </test> <!-- Test -->
  </suite> <!-- Suite -->
</testng-results>
